This file contains any messages produced by compilers while
running configure, to aid debugging if configure makes a mistake.

It was created by ophcrack configure 3.7.0, which was
generated by GNU Autoconf 2.69.  Invocation command line was

  $ ./configure --with-libssl=/usr/local/Cellar/openssl/1.0.2k/lib --with-libqt4=/usr/local/Cellar/qt/5.9.2/lib

## --------- ##
## Platform. ##
## --------- ##

hostname = DrMori.local
uname -m = x86_64
uname -r = 17.3.0
uname -s = Darwin
uname -v = Darwin Kernel Version 17.3.0: Thu Nov  9 18:09:22 PST 2017; root:xnu-4570.31.3~1/RELEASE_X86_64

/usr/bin/uname -p = i386
/bin/uname -X     = unknown

/bin/arch              = unknown
/usr/bin/arch -k       = unknown
/usr/convex/getsysinfo = unknown
/usr/bin/hostinfo      = Mach kernel version:
	 Darwin Kernel Version 17.3.0: Thu Nov  9 18:09:22 PST 2017; root:xnu-4570.31.3~1/RELEASE_X86_64
Kernel configured for up to 4 processors.
2 processors are physically available.
4 processors are logically available.
Processor type: x86_64h (Intel x86-64h Haswell)
Processors active: 0 1 2 3
Primary memory available: 16.00 gigabytes
Default processor set: 482 tasks, 1962 threads, 4 processors
Load average: 1.70, Mach factor: 2.29
/bin/machine           = unknown
/usr/bin/oslevel       = unknown
/bin/universe          = unknown

PATH: /Users/dr/Enuma_Elish/bin
PATH: /Users/dr/.rbenv/shims
PATH: /usr/local/bin
PATH: /usr/bin;/bin
PATH: /usr/sbin
PATH: /sbin
PATH: /Users/darkh/.rvm/gems/ruby-2.2.0/bin
PATH: /Users/darkh/.rvm/gems/ruby-2.2.0@global/bin
PATH: /Users/darkh/.rvm/rubies/ruby-2.2.0/bin
PATH: /Users/darkh/.rbenv/shims
PATH: /usr/bin;/bin
PATH: /usr/sbin
PATH: /sbin
PATH: /usr/local/bin
PATH: /Users/darkh/.rvm/gems/ruby-2.2.0/bin
PATH: /Users/darkh/.rvm/gems/ruby-2.2.0@global/bin
PATH: /Users/darkh/.rvm/rubies/ruby-2.2.0/bin
PATH: /Users/darkh/.rbenv/shims
PATH: /usr/bin;/bin
PATH: /usr/sbin
PATH: /sbin
PATH: /usr/local/bin
PATH: /usr/local/sbin
PATH: /usr/local/bin
PATH: /usr/bin
PATH: /bin
PATH: /usr/sbin
PATH: /sbin
PATH: /opt/X11/bin
PATH: /Users/darkh/Documents/code/Python/Tool/little_message/Google_translate_API
PATH: /Users/darkh/.rvm/bin
PATH: /Users/darkh/adt-bundle-mac-x86_64-20140702/sdk/tools
PATH: /Users/darkh/.rvm/bin
PATH: /Users/darkh/adt-bundle-mac-x86_64-20140702/sdk/platform-tools
PATH: /Users/dr/.rvm/bin


## ----------- ##
## Core tests. ##
## ----------- ##

configure:2517: checking build system type
configure:2531: result: i386-apple-darwin17.3.0
configure:2551: checking host system type
configure:2564: result: i386-apple-darwin17.3.0
configure:2644: checking for g++
configure:2660: found /usr/bin/g++
configure:2671: result: g++
configure:2698: checking for C++ compiler version
configure:2707: g++ --version >&5
Apple LLVM version 9.0.0 (clang-900.0.39.2)
Target: x86_64-apple-darwin17.3.0
Thread model: posix
InstalledDir: /Library/Developer/CommandLineTools/usr/bin
Configured with: --prefix=/Library/Developer/CommandLineTools/usr --with-gxx-include-dir=/usr/include/c++/4.2.1
configure:2718: $? = 0
configure:2707: g++ -v >&5
Configured with: --prefix=/Library/Developer/CommandLineTools/usr --with-gxx-include-dir=/usr/include/c++/4.2.1
Apple LLVM version 9.0.0 (clang-900.0.39.2)
Target: x86_64-apple-darwin17.3.0
Thread model: posix
InstalledDir: /Library/Developer/CommandLineTools/usr/bin
configure:2718: $? = 0
configure:2707: g++ -V >&5
clang: error: argument to '-V' is missing (expected 1 value)
clang: error: no input files
configure:2718: $? = 1
configure:2707: g++ -qversion >&5
clang: error: unknown argument: '-qversion'
clang: error: no input files
configure:2718: $? = 1
configure:2738: checking whether the C++ compiler works
configure:2760: g++    conftest.cpp  >&5
configure:2764: $? = 0
configure:2812: result: yes
configure:2815: checking for C++ compiler default output file name
configure:2817: result: a.out
configure:2823: checking for suffix of executables
configure:2830: g++ -o conftest    conftest.cpp  >&5
configure:2834: $? = 0
configure:2856: result: 
configure:2878: checking whether we are cross compiling
configure:2886: g++ -o conftest    conftest.cpp  >&5
configure:2890: $? = 0
configure:2897: ./conftest
configure:2901: $? = 0
configure:2916: result: no
configure:2921: checking for suffix of object files
configure:2943: g++ -c   conftest.cpp >&5
configure:2947: $? = 0
configure:2968: result: o
configure:2972: checking whether we are using the GNU C++ compiler
configure:2991: g++ -c   conftest.cpp >&5
configure:2991: $? = 0
configure:3000: result: yes
configure:3009: checking whether g++ accepts -g
configure:3029: g++ -c -g  conftest.cpp >&5
configure:3029: $? = 0
configure:3070: result: yes
configure:3141: checking for gcc
configure:3157: found /usr/bin/gcc
configure:3168: result: gcc
configure:3397: checking for C compiler version
configure:3406: gcc --version >&5
Apple LLVM version 9.0.0 (clang-900.0.39.2)
Target: x86_64-apple-darwin17.3.0
Thread model: posix
InstalledDir: /Library/Developer/CommandLineTools/usr/bin
Configured with: --prefix=/Library/Developer/CommandLineTools/usr --with-gxx-include-dir=/usr/include/c++/4.2.1
configure:3417: $? = 0
configure:3406: gcc -v >&5
Configured with: --prefix=/Library/Developer/CommandLineTools/usr --with-gxx-include-dir=/usr/include/c++/4.2.1
Apple LLVM version 9.0.0 (clang-900.0.39.2)
Target: x86_64-apple-darwin17.3.0
Thread model: posix
InstalledDir: /Library/Developer/CommandLineTools/usr/bin
configure:3417: $? = 0
configure:3406: gcc -V >&5
clang: error: argument to '-V' is missing (expected 1 value)
clang: error: no input files
configure:3417: $? = 1
configure:3406: gcc -qversion >&5
clang: error: unknown argument: '-qversion'
clang: error: no input files
configure:3417: $? = 1
configure:3421: checking whether we are using the GNU C compiler
configure:3440: gcc -c   conftest.c >&5
configure:3440: $? = 0
configure:3449: result: yes
configure:3458: checking whether gcc accepts -g
configure:3478: gcc -c -g  conftest.c >&5
configure:3478: $? = 0
configure:3519: result: yes
configure:3536: checking for gcc option to accept ISO C89
configure:3599: gcc  -c -g -O2  conftest.c >&5
configure:3599: $? = 0
configure:3612: result: none needed
configure:3641: checking if debugging is enabled
configure:3662: result: no
configure:3696: checking for a BSD-compatible install
configure:3764: result: /usr/local/bin/ginstall -c
configure:3775: checking whether ln -s works
configure:3779: result: yes
configure:3786: checking whether make sets $(MAKE)
configure:3808: result: yes
configure:3860: checking for ranlib
configure:3876: found /usr/bin/ranlib
configure:3887: result: ranlib
configure:3923: checking for Mac OS X or WIN32 or Solaris
configure:3927: result: Mac OS X detected
configure:4024: checking how to run the C preprocessor
configure:4055: gcc -E  conftest.c
configure:4055: $? = 0
configure:4069: gcc -E  conftest.c
conftest.c:10:10: fatal error: 'ac_nonexistent.h' file not found
#include <ac_nonexistent.h>
         ^~~~~~~~~~~~~~~~~~
1 error generated.
configure:4069: $? = 1
configure: failed program was:
| /* confdefs.h */
| #define PACKAGE_NAME "ophcrack"
| #define PACKAGE_TARNAME "ophcrack"
| #define PACKAGE_VERSION "3.7.0"
| #define PACKAGE_STRING "ophcrack 3.7.0"
| #define PACKAGE_BUGREPORT "http://ophcrack.sf.net"
| #define PACKAGE_URL ""
| #define MY_CPU_COUNT 1
| /* end confdefs.h.  */
| #include <ac_nonexistent.h>
configure:4094: result: gcc -E
configure:4114: gcc -E  conftest.c
configure:4114: $? = 0
configure:4128: gcc -E  conftest.c
conftest.c:10:10: fatal error: 'ac_nonexistent.h' file not found
#include <ac_nonexistent.h>
         ^~~~~~~~~~~~~~~~~~
1 error generated.
configure:4128: $? = 1
configure: failed program was:
| /* confdefs.h */
| #define PACKAGE_NAME "ophcrack"
| #define PACKAGE_TARNAME "ophcrack"
| #define PACKAGE_VERSION "3.7.0"
| #define PACKAGE_STRING "ophcrack 3.7.0"
| #define PACKAGE_BUGREPORT "http://ophcrack.sf.net"
| #define PACKAGE_URL ""
| #define MY_CPU_COUNT 1
| /* end confdefs.h.  */
| #include <ac_nonexistent.h>
configure:4157: checking for grep that handles long lines and -e
configure:4215: result: /usr/bin/grep
configure:4220: checking for egrep
configure:4282: result: /usr/bin/grep -E
configure:4287: checking for ANSI C header files
configure:4307: gcc -c -g -O2 -DNDEBUG -Wall -std=gnu9x -pedantic -I.. -D_LARGEFILE_SOURCE -D_LARGEFILE64_SOURCE -D_FILE_OFFSET_BITS=64 -I.. -DOSX  conftest.c >&5
configure:4307: $? = 0
configure:4380: gcc -o conftest -g -O2 -DNDEBUG -Wall -std=gnu9x -pedantic -I.. -D_LARGEFILE_SOURCE -D_LARGEFILE64_SOURCE -D_FILE_OFFSET_BITS=64 -I.. -DOSX   conftest.c  >&5
configure:4380: $? = 0
configure:4380: ./conftest
configure:4380: $? = 0
configure:4391: result: yes
configure:4404: checking for sys/types.h
configure:4404: gcc -c -g -O2 -DNDEBUG -Wall -std=gnu9x -pedantic -I.. -D_LARGEFILE_SOURCE -D_LARGEFILE64_SOURCE -D_FILE_OFFSET_BITS=64 -I.. -DOSX  conftest.c >&5
configure:4404: $? = 0
configure:4404: result: yes
configure:4404: checking for sys/stat.h
configure:4404: gcc -c -g -O2 -DNDEBUG -Wall -std=gnu9x -pedantic -I.. -D_LARGEFILE_SOURCE -D_LARGEFILE64_SOURCE -D_FILE_OFFSET_BITS=64 -I.. -DOSX  conftest.c >&5
configure:4404: $? = 0
configure:4404: result: yes
configure:4404: checking for stdlib.h
configure:4404: gcc -c -g -O2 -DNDEBUG -Wall -std=gnu9x -pedantic -I.. -D_LARGEFILE_SOURCE -D_LARGEFILE64_SOURCE -D_FILE_OFFSET_BITS=64 -I.. -DOSX  conftest.c >&5
configure:4404: $? = 0
configure:4404: result: yes
configure:4404: checking for string.h
configure:4404: gcc -c -g -O2 -DNDEBUG -Wall -std=gnu9x -pedantic -I.. -D_LARGEFILE_SOURCE -D_LARGEFILE64_SOURCE -D_FILE_OFFSET_BITS=64 -I.. -DOSX  conftest.c >&5
configure:4404: $? = 0
configure:4404: result: yes
configure:4404: checking for memory.h
configure:4404: gcc -c -g -O2 -DNDEBUG -Wall -std=gnu9x -pedantic -I.. -D_LARGEFILE_SOURCE -D_LARGEFILE64_SOURCE -D_FILE_OFFSET_BITS=64 -I.. -DOSX  conftest.c >&5
configure:4404: $? = 0
configure:4404: result: yes
configure:4404: checking for strings.h
configure:4404: gcc -c -g -O2 -DNDEBUG -Wall -std=gnu9x -pedantic -I.. -D_LARGEFILE_SOURCE -D_LARGEFILE64_SOURCE -D_FILE_OFFSET_BITS=64 -I.. -DOSX  conftest.c >&5
configure:4404: $? = 0
configure:4404: result: yes
configure:4404: checking for inttypes.h
configure:4404: gcc -c -g -O2 -DNDEBUG -Wall -std=gnu9x -pedantic -I.. -D_LARGEFILE_SOURCE -D_LARGEFILE64_SOURCE -D_FILE_OFFSET_BITS=64 -I.. -DOSX  conftest.c >&5
configure:4404: $? = 0
configure:4404: result: yes
configure:4404: checking for stdint.h
configure:4404: gcc -c -g -O2 -DNDEBUG -Wall -std=gnu9x -pedantic -I.. -D_LARGEFILE_SOURCE -D_LARGEFILE64_SOURCE -D_FILE_OFFSET_BITS=64 -I.. -DOSX  conftest.c >&5
configure:4404: $? = 0
configure:4404: result: yes
configure:4404: checking for unistd.h
configure:4404: gcc -c -g -O2 -DNDEBUG -Wall -std=gnu9x -pedantic -I.. -D_LARGEFILE_SOURCE -D_LARGEFILE64_SOURCE -D_FILE_OFFSET_BITS=64 -I.. -DOSX  conftest.c >&5
configure:4404: $? = 0
configure:4404: result: yes
configure:4416: checking whether byte ordering is bigendian
configure:4431: gcc -c -g -O2 -DNDEBUG -Wall -std=gnu9x -pedantic -I.. -D_LARGEFILE_SOURCE -D_LARGEFILE64_SOURCE -D_FILE_OFFSET_BITS=64 -I.. -DOSX  conftest.c >&5
configure:4431: $? = 0
configure:4476: gcc -c -g -O2 -DNDEBUG -Wall -std=gnu9x -pedantic -I.. -D_LARGEFILE_SOURCE -D_LARGEFILE64_SOURCE -D_FILE_OFFSET_BITS=64 -I.. -DOSX  conftest.c >&5
configure:4476: $? = 0
configure:4494: gcc -c -g -O2 -DNDEBUG -Wall -std=gnu9x -pedantic -I.. -D_LARGEFILE_SOURCE -D_LARGEFILE64_SOURCE -D_FILE_OFFSET_BITS=64 -I.. -DOSX  conftest.c >&5
conftest.c:27:4: error: use of undeclared identifier 'not'
                 not big endian
                 ^
1 error generated.
configure:4494: $? = 1
configure: failed program was:
| /* confdefs.h */
| #define PACKAGE_NAME "ophcrack"
| #define PACKAGE_TARNAME "ophcrack"
| #define PACKAGE_VERSION "3.7.0"
| #define PACKAGE_STRING "ophcrack 3.7.0"
| #define PACKAGE_BUGREPORT "http://ophcrack.sf.net"
| #define PACKAGE_URL ""
| #define MY_CPU_COUNT 1
| #define STDC_HEADERS 1
| #define HAVE_SYS_TYPES_H 1
| #define HAVE_SYS_STAT_H 1
| #define HAVE_STDLIB_H 1
| #define HAVE_STRING_H 1
| #define HAVE_MEMORY_H 1
| #define HAVE_STRINGS_H 1
| #define HAVE_INTTYPES_H 1
| #define HAVE_STDINT_H 1
| #define HAVE_UNISTD_H 1
| /* end confdefs.h.  */
| #include <sys/types.h>
| 		#include <sys/param.h>
| 
| int
| main ()
| {
| #if BYTE_ORDER != BIG_ENDIAN
| 		 not big endian
| 		#endif
| 
|   ;
|   return 0;
| }
configure:4622: result: no
configure:4703: checking for pthread_mutex_init in -lpthread
configure:4728: gcc -o conftest -g -O2 -DNDEBUG -Wall -std=gnu9x -pedantic -I.. -D_LARGEFILE_SOURCE -D_LARGEFILE64_SOURCE -D_FILE_OFFSET_BITS=64 -I.. -DOSX   conftest.c -lpthread   >&5
configure:4728: $? = 0
configure:4737: result: yes
configure:4753: checking for libssl
configure:4765: result: yes
configure:4838: checking for XML_ParserCreate in -lexpat
configure:4863: gcc -o conftest -g -O2 -DNDEBUG -Wall -std=gnu9x -pedantic -I.. -D_LARGEFILE_SOURCE -D_LARGEFILE64_SOURCE -D_FILE_OFFSET_BITS=64 -I.. -DOSX -I/usr/local/Cellar/openssl/1.0.2k/lib/include   conftest.c -lexpat  -lpthread  -L/usr/local/Cellar/openssl/1.0.2k/lib/lib -lssl -lcrypto >&5
ld: warning: directory not found for option '-L/usr/local/Cellar/openssl/1.0.2k/lib/lib'
configure:4863: $? = 0
configure:4872: result: yes
configure:4887: checking for sqrt in -lm
configure:4912: gcc -o conftest -g -O2 -DNDEBUG -Wall -std=gnu9x -pedantic -I.. -D_LARGEFILE_SOURCE -D_LARGEFILE64_SOURCE -D_FILE_OFFSET_BITS=64 -I.. -DOSX -I/usr/local/Cellar/openssl/1.0.2k/lib/include   conftest.c -lm  -lexpat -lpthread  -L/usr/local/Cellar/openssl/1.0.2k/lib/lib -lssl -lcrypto >&5
conftest.c:29:6: warning: incompatible redeclaration of library function 'sqrt' [-Wincompatible-library-redeclaration]
char sqrt ();
     ^
conftest.c:29:6: note: 'sqrt' is a builtin with type 'double (double)'
1 warning generated.
ld: warning: directory not found for option '-L/usr/local/Cellar/openssl/1.0.2k/lib/lib'
configure:4912: $? = 0
configure:4921: result: yes
configure:4936: checking for ANSI C header files
configure:5040: result: yes
configure:5051: checking netinet/in.h usability
configure:5051: gcc -c -g -O2 -DNDEBUG -Wall -std=gnu9x -pedantic -I.. -D_LARGEFILE_SOURCE -D_LARGEFILE64_SOURCE -D_FILE_OFFSET_BITS=64 -I.. -DOSX -I/usr/local/Cellar/openssl/1.0.2k/lib/include  conftest.c >&5
configure:5051: $? = 0
configure:5051: result: yes
configure:5051: checking netinet/in.h presence
configure:5051: gcc -E  conftest.c
configure:5051: $? = 0
configure:5051: result: yes
configure:5051: checking for netinet/in.h
configure:5051: result: yes
configure:5051: checking for stdint.h
configure:5051: result: yes
configure:5051: checking for stdlib.h
configure:5051: result: yes
configure:5051: checking for string.h
configure:5051: result: yes
configure:5051: checking sys/param.h usability
configure:5051: gcc -c -g -O2 -DNDEBUG -Wall -std=gnu9x -pedantic -I.. -D_LARGEFILE_SOURCE -D_LARGEFILE64_SOURCE -D_FILE_OFFSET_BITS=64 -I.. -DOSX -I/usr/local/Cellar/openssl/1.0.2k/lib/include  conftest.c >&5
configure:5051: $? = 0
configure:5051: result: yes
configure:5051: checking sys/param.h presence
configure:5051: gcc -E  conftest.c
configure:5051: $? = 0
configure:5051: result: yes
configure:5051: checking for sys/param.h
configure:5051: result: yes
configure:5051: checking sys/time.h usability
configure:5051: gcc -c -g -O2 -DNDEBUG -Wall -std=gnu9x -pedantic -I.. -D_LARGEFILE_SOURCE -D_LARGEFILE64_SOURCE -D_FILE_OFFSET_BITS=64 -I.. -DOSX -I/usr/local/Cellar/openssl/1.0.2k/lib/include  conftest.c >&5
configure:5051: $? = 0
configure:5051: result: yes
configure:5051: checking sys/time.h presence
configure:5051: gcc -E  conftest.c
configure:5051: $? = 0
configure:5051: result: yes
configure:5051: checking for sys/time.h
configure:5051: result: yes
configure:5051: checking for unistd.h
configure:5051: result: yes
configure:5051: checking sys/sysinfo.h usability
configure:5051: gcc -c -g -O2 -DNDEBUG -Wall -std=gnu9x -pedantic -I.. -D_LARGEFILE_SOURCE -D_LARGEFILE64_SOURCE -D_FILE_OFFSET_BITS=64 -I.. -DOSX -I/usr/local/Cellar/openssl/1.0.2k/lib/include  conftest.c >&5
conftest.c:64:10: fatal error: 'sys/sysinfo.h' file not found
#include <sys/sysinfo.h>
         ^~~~~~~~~~~~~~~
1 error generated.
configure:5051: $? = 1
configure: failed program was:
| /* confdefs.h */
| #define PACKAGE_NAME "ophcrack"
| #define PACKAGE_TARNAME "ophcrack"
| #define PACKAGE_VERSION "3.7.0"
| #define PACKAGE_STRING "ophcrack 3.7.0"
| #define PACKAGE_BUGREPORT "http://ophcrack.sf.net"
| #define PACKAGE_URL ""
| #define MY_CPU_COUNT 1
| #define STDC_HEADERS 1
| #define HAVE_SYS_TYPES_H 1
| #define HAVE_SYS_STAT_H 1
| #define HAVE_STDLIB_H 1
| #define HAVE_STRING_H 1
| #define HAVE_MEMORY_H 1
| #define HAVE_STRINGS_H 1
| #define HAVE_INTTYPES_H 1
| #define HAVE_STDINT_H 1
| #define HAVE_UNISTD_H 1
| #define HAVE_LIBPTHREAD 1
| #define HAVE_LIBEXPAT 1
| #define HAVE_LIBM 1
| #define STDC_HEADERS 1
| #define HAVE_NETINET_IN_H 1
| #define HAVE_STDINT_H 1
| #define HAVE_STDLIB_H 1
| #define HAVE_STRING_H 1
| #define HAVE_SYS_PARAM_H 1
| #define HAVE_SYS_TIME_H 1
| #define HAVE_UNISTD_H 1
| /* end confdefs.h.  */
| #include <stdio.h>
| #ifdef HAVE_SYS_TYPES_H
| # include <sys/types.h>
| #endif
| #ifdef HAVE_SYS_STAT_H
| # include <sys/stat.h>
| #endif
| #ifdef STDC_HEADERS
| # include <stdlib.h>
| # include <stddef.h>
| #else
| # ifdef HAVE_STDLIB_H
| #  include <stdlib.h>
| # endif
| #endif
| #ifdef HAVE_STRING_H
| # if !defined STDC_HEADERS && defined HAVE_MEMORY_H
| #  include <memory.h>
| # endif
| # include <string.h>
| #endif
| #ifdef HAVE_STRINGS_H
| # include <strings.h>
| #endif
| #ifdef HAVE_INTTYPES_H
| # include <inttypes.h>
| #endif
| #ifdef HAVE_STDINT_H
| # include <stdint.h>
| #endif
| #ifdef HAVE_UNISTD_H
| # include <unistd.h>
| #endif
| #include <sys/sysinfo.h>
configure:5051: result: no
configure:5051: checking sys/sysinfo.h presence
configure:5051: gcc -E  conftest.c
conftest.c:31:10: fatal error: 'sys/sysinfo.h' file not found
#include <sys/sysinfo.h>
         ^~~~~~~~~~~~~~~
1 error generated.
configure:5051: $? = 1
configure: failed program was:
| /* confdefs.h */
| #define PACKAGE_NAME "ophcrack"
| #define PACKAGE_TARNAME "ophcrack"
| #define PACKAGE_VERSION "3.7.0"
| #define PACKAGE_STRING "ophcrack 3.7.0"
| #define PACKAGE_BUGREPORT "http://ophcrack.sf.net"
| #define PACKAGE_URL ""
| #define MY_CPU_COUNT 1
| #define STDC_HEADERS 1
| #define HAVE_SYS_TYPES_H 1
| #define HAVE_SYS_STAT_H 1
| #define HAVE_STDLIB_H 1
| #define HAVE_STRING_H 1
| #define HAVE_MEMORY_H 1
| #define HAVE_STRINGS_H 1
| #define HAVE_INTTYPES_H 1
| #define HAVE_STDINT_H 1
| #define HAVE_UNISTD_H 1
| #define HAVE_LIBPTHREAD 1
| #define HAVE_LIBEXPAT 1
| #define HAVE_LIBM 1
| #define STDC_HEADERS 1
| #define HAVE_NETINET_IN_H 1
| #define HAVE_STDINT_H 1
| #define HAVE_STDLIB_H 1
| #define HAVE_STRING_H 1
| #define HAVE_SYS_PARAM_H 1
| #define HAVE_SYS_TIME_H 1
| #define HAVE_UNISTD_H 1
| /* end confdefs.h.  */
| #include <sys/sysinfo.h>
configure:5051: result: no
configure:5051: checking for sys/sysinfo.h
configure:5051: result: no
configure:5051: checking sys/sysctl.h usability
configure:5051: gcc -c -g -O2 -DNDEBUG -Wall -std=gnu9x -pedantic -I.. -D_LARGEFILE_SOURCE -D_LARGEFILE64_SOURCE -D_FILE_OFFSET_BITS=64 -I.. -DOSX -I/usr/local/Cellar/openssl/1.0.2k/lib/include  conftest.c >&5
configure:5051: $? = 0
configure:5051: result: yes
configure:5051: checking sys/sysctl.h presence
configure:5051: gcc -E  conftest.c
configure:5051: $? = 0
configure:5051: result: yes
configure:5051: checking for sys/sysctl.h
configure:5051: result: yes
configure:5051: checking byteswap.h usability
configure:5051: gcc -c -g -O2 -DNDEBUG -Wall -std=gnu9x -pedantic -I.. -D_LARGEFILE_SOURCE -D_LARGEFILE64_SOURCE -D_FILE_OFFSET_BITS=64 -I.. -DOSX -I/usr/local/Cellar/openssl/1.0.2k/lib/include  conftest.c >&5
conftest.c:65:10: fatal error: 'byteswap.h' file not found
#include <byteswap.h>
         ^~~~~~~~~~~~
1 error generated.
configure:5051: $? = 1
configure: failed program was:
| /* confdefs.h */
| #define PACKAGE_NAME "ophcrack"
| #define PACKAGE_TARNAME "ophcrack"
| #define PACKAGE_VERSION "3.7.0"
| #define PACKAGE_STRING "ophcrack 3.7.0"
| #define PACKAGE_BUGREPORT "http://ophcrack.sf.net"
| #define PACKAGE_URL ""
| #define MY_CPU_COUNT 1
| #define STDC_HEADERS 1
| #define HAVE_SYS_TYPES_H 1
| #define HAVE_SYS_STAT_H 1
| #define HAVE_STDLIB_H 1
| #define HAVE_STRING_H 1
| #define HAVE_MEMORY_H 1
| #define HAVE_STRINGS_H 1
| #define HAVE_INTTYPES_H 1
| #define HAVE_STDINT_H 1
| #define HAVE_UNISTD_H 1
| #define HAVE_LIBPTHREAD 1
| #define HAVE_LIBEXPAT 1
| #define HAVE_LIBM 1
| #define STDC_HEADERS 1
| #define HAVE_NETINET_IN_H 1
| #define HAVE_STDINT_H 1
| #define HAVE_STDLIB_H 1
| #define HAVE_STRING_H 1
| #define HAVE_SYS_PARAM_H 1
| #define HAVE_SYS_TIME_H 1
| #define HAVE_UNISTD_H 1
| #define HAVE_SYS_SYSCTL_H 1
| /* end confdefs.h.  */
| #include <stdio.h>
| #ifdef HAVE_SYS_TYPES_H
| # include <sys/types.h>
| #endif
| #ifdef HAVE_SYS_STAT_H
| # include <sys/stat.h>
| #endif
| #ifdef STDC_HEADERS
| # include <stdlib.h>
| # include <stddef.h>
| #else
| # ifdef HAVE_STDLIB_H
| #  include <stdlib.h>
| # endif
| #endif
| #ifdef HAVE_STRING_H
| # if !defined STDC_HEADERS && defined HAVE_MEMORY_H
| #  include <memory.h>
| # endif
| # include <string.h>
| #endif
| #ifdef HAVE_STRINGS_H
| # include <strings.h>
| #endif
| #ifdef HAVE_INTTYPES_H
| # include <inttypes.h>
| #endif
| #ifdef HAVE_STDINT_H
| # include <stdint.h>
| #endif
| #ifdef HAVE_UNISTD_H
| # include <unistd.h>
| #endif
| #include <byteswap.h>
configure:5051: result: no
configure:5051: checking byteswap.h presence
configure:5051: gcc -E  conftest.c
conftest.c:32:10: fatal error: 'byteswap.h' file not found
#include <byteswap.h>
         ^~~~~~~~~~~~
1 error generated.
configure:5051: $? = 1
configure: failed program was:
| /* confdefs.h */
| #define PACKAGE_NAME "ophcrack"
| #define PACKAGE_TARNAME "ophcrack"
| #define PACKAGE_VERSION "3.7.0"
| #define PACKAGE_STRING "ophcrack 3.7.0"
| #define PACKAGE_BUGREPORT "http://ophcrack.sf.net"
| #define PACKAGE_URL ""
| #define MY_CPU_COUNT 1
| #define STDC_HEADERS 1
| #define HAVE_SYS_TYPES_H 1
| #define HAVE_SYS_STAT_H 1
| #define HAVE_STDLIB_H 1
| #define HAVE_STRING_H 1
| #define HAVE_MEMORY_H 1
| #define HAVE_STRINGS_H 1
| #define HAVE_INTTYPES_H 1
| #define HAVE_STDINT_H 1
| #define HAVE_UNISTD_H 1
| #define HAVE_LIBPTHREAD 1
| #define HAVE_LIBEXPAT 1
| #define HAVE_LIBM 1
| #define STDC_HEADERS 1
| #define HAVE_NETINET_IN_H 1
| #define HAVE_STDINT_H 1
| #define HAVE_STDLIB_H 1
| #define HAVE_STRING_H 1
| #define HAVE_SYS_PARAM_H 1
| #define HAVE_SYS_TIME_H 1
| #define HAVE_UNISTD_H 1
| #define HAVE_SYS_SYSCTL_H 1
| /* end confdefs.h.  */
| #include <byteswap.h>
configure:5051: result: no
configure:5051: checking for byteswap.h
configure:5051: result: no
configure:5051: checking libkern/OSByteOrder.h usability
configure:5051: gcc -c -g -O2 -DNDEBUG -Wall -std=gnu9x -pedantic -I.. -D_LARGEFILE_SOURCE -D_LARGEFILE64_SOURCE -D_FILE_OFFSET_BITS=64 -I.. -DOSX -I/usr/local/Cellar/openssl/1.0.2k/lib/include  conftest.c >&5
configure:5051: $? = 0
configure:5051: result: yes
configure:5051: checking libkern/OSByteOrder.h presence
configure:5051: gcc -E  conftest.c
configure:5051: $? = 0
configure:5051: result: yes
configure:5051: checking for libkern/OSByteOrder.h
configure:5051: result: yes
configure:5063: checking for stdbool.h that conforms to C99
configure:5130: gcc -c -g -O2 -DNDEBUG -Wall -std=gnu9x -pedantic -I.. -D_LARGEFILE_SOURCE -D_LARGEFILE64_SOURCE -D_FILE_OFFSET_BITS=64 -I.. -DOSX -I/usr/local/Cellar/openssl/1.0.2k/lib/include  conftest.c >&5
conftest.c:82:24: warning: address of 's' will always evaluate to 'true' [-Wpointer-bool-conversion]
             bool e = &s;
                  ~    ^
conftest.c:86:23: warning: address of array 'a' will always evaluate to 'true' [-Wpointer-bool-conversion]
             return (!a + !b + !c + !d + !e + !f + !g + !h + !i + !!j + !k + !!l
                     ~^
conftest.c:86:28: warning: address of array 'b' will always evaluate to 'true' [-Wpointer-bool-conversion]
             return (!a + !b + !c + !d + !e + !f + !g + !h + !i + !!j + !k + !!l
                          ~^
conftest.c:86:33: warning: address of array 'c' will always evaluate to 'true' [-Wpointer-bool-conversion]
             return (!a + !b + !c + !d + !e + !f + !g + !h + !i + !!j + !k + !!l
                               ~^
conftest.c:86:38: warning: address of array 'd' will always evaluate to 'true' [-Wpointer-bool-conversion]
             return (!a + !b + !c + !d + !e + !f + !g + !h + !i + !!j + !k + !!l
                                    ~^
conftest.c:86:48: warning: address of array 'f' will always evaluate to 'true' [-Wpointer-bool-conversion]
             return (!a + !b + !c + !d + !e + !f + !g + !h + !i + !!j + !k + !!l
                                              ~^
conftest.c:86:53: warning: address of array 'g' will always evaluate to 'true' [-Wpointer-bool-conversion]
             return (!a + !b + !c + !d + !e + !f + !g + !h + !i + !!j + !k + !!l
                                                   ~^
conftest.c:86:58: warning: address of array 'h' will always evaluate to 'true' [-Wpointer-bool-conversion]
             return (!a + !b + !c + !d + !e + !f + !g + !h + !i + !!j + !k + !!l
                                                        ~^
conftest.c:86:63: warning: address of array 'i' will always evaluate to 'true' [-Wpointer-bool-conversion]
             return (!a + !b + !c + !d + !e + !f + !g + !h + !i + !!j + !k + !!l
                                                             ~^
conftest.c:87:30: warning: address of array 'n' will always evaluate to 'true' [-Wpointer-bool-conversion]
                            ~^
conftest.c:87:35: warning: address of array 'o' will always evaluate to 'true' [-Wpointer-bool-conversion]
                                 ~^
conftest.c:87:40: warning: address of array 'p' will always evaluate to 'true' [-Wpointer-bool-conversion]
                                      ~^
12 warnings generated.
configure:5130: $? = 0
configure:5137: result: yes
configure:5139: checking for _Bool
configure:5139: gcc -c -g -O2 -DNDEBUG -Wall -std=gnu9x -pedantic -I.. -D_LARGEFILE_SOURCE -D_LARGEFILE64_SOURCE -D_FILE_OFFSET_BITS=64 -I.. -DOSX -I/usr/local/Cellar/openssl/1.0.2k/lib/include  conftest.c >&5
configure:5139: $? = 0
configure:5139: gcc -c -g -O2 -DNDEBUG -Wall -std=gnu9x -pedantic -I.. -D_LARGEFILE_SOURCE -D_LARGEFILE64_SOURCE -D_FILE_OFFSET_BITS=64 -I.. -DOSX -I/usr/local/Cellar/openssl/1.0.2k/lib/include  conftest.c >&5
conftest.c:69:20: error: expected expression
if (sizeof ((_Bool)))
                   ^
1 error generated.
configure:5139: $? = 1
configure: failed program was:
| /* confdefs.h */
| #define PACKAGE_NAME "ophcrack"
| #define PACKAGE_TARNAME "ophcrack"
| #define PACKAGE_VERSION "3.7.0"
| #define PACKAGE_STRING "ophcrack 3.7.0"
| #define PACKAGE_BUGREPORT "http://ophcrack.sf.net"
| #define PACKAGE_URL ""
| #define MY_CPU_COUNT 1
| #define STDC_HEADERS 1
| #define HAVE_SYS_TYPES_H 1
| #define HAVE_SYS_STAT_H 1
| #define HAVE_STDLIB_H 1
| #define HAVE_STRING_H 1
| #define HAVE_MEMORY_H 1
| #define HAVE_STRINGS_H 1
| #define HAVE_INTTYPES_H 1
| #define HAVE_STDINT_H 1
| #define HAVE_UNISTD_H 1
| #define HAVE_LIBPTHREAD 1
| #define HAVE_LIBEXPAT 1
| #define HAVE_LIBM 1
| #define STDC_HEADERS 1
| #define HAVE_NETINET_IN_H 1
| #define HAVE_STDINT_H 1
| #define HAVE_STDLIB_H 1
| #define HAVE_STRING_H 1
| #define HAVE_SYS_PARAM_H 1
| #define HAVE_SYS_TIME_H 1
| #define HAVE_UNISTD_H 1
| #define HAVE_SYS_SYSCTL_H 1
| #define HAVE_LIBKERN_OSBYTEORDER_H 1
| /* end confdefs.h.  */
| #include <stdio.h>
| #ifdef HAVE_SYS_TYPES_H
| # include <sys/types.h>
| #endif
| #ifdef HAVE_SYS_STAT_H
| # include <sys/stat.h>
| #endif
| #ifdef STDC_HEADERS
| # include <stdlib.h>
| # include <stddef.h>
| #else
| # ifdef HAVE_STDLIB_H
| #  include <stdlib.h>
| # endif
| #endif
| #ifdef HAVE_STRING_H
| # if !defined STDC_HEADERS && defined HAVE_MEMORY_H
| #  include <memory.h>
| # endif
| # include <string.h>
| #endif
| #ifdef HAVE_STRINGS_H
| # include <strings.h>
| #endif
| #ifdef HAVE_INTTYPES_H
| # include <inttypes.h>
| #endif
| #ifdef HAVE_STDINT_H
| # include <stdint.h>
| #endif
| #ifdef HAVE_UNISTD_H
| # include <unistd.h>
| #endif
| int
| main ()
| {
| if (sizeof ((_Bool)))
| 	    return 0;
|   ;
|   return 0;
| }
configure:5139: result: yes
configure:5156: checking for an ANSI C-conforming const
configure:5222: gcc -c -g -O2 -DNDEBUG -Wall -std=gnu9x -pedantic -I.. -D_LARGEFILE_SOURCE -D_LARGEFILE64_SOURCE -D_FILE_OFFSET_BITS=64 -I.. -DOSX -I/usr/local/Cellar/openssl/1.0.2k/lib/include  conftest.c >&5
configure:5222: $? = 0
configure:5229: result: yes
configure:5237: checking for size_t
configure:5237: gcc -c -g -O2 -DNDEBUG -Wall -std=gnu9x -pedantic -I.. -D_LARGEFILE_SOURCE -D_LARGEFILE64_SOURCE -D_FILE_OFFSET_BITS=64 -I.. -DOSX -I/usr/local/Cellar/openssl/1.0.2k/lib/include  conftest.c >&5
configure:5237: $? = 0
configure:5237: gcc -c -g -O2 -DNDEBUG -Wall -std=gnu9x -pedantic -I.. -D_LARGEFILE_SOURCE -D_LARGEFILE64_SOURCE -D_FILE_OFFSET_BITS=64 -I.. -DOSX -I/usr/local/Cellar/openssl/1.0.2k/lib/include  conftest.c >&5
conftest.c:71:21: error: expected expression
if (sizeof ((size_t)))
                    ^
1 error generated.
configure:5237: $? = 1
configure: failed program was:
| /* confdefs.h */
| #define PACKAGE_NAME "ophcrack"
| #define PACKAGE_TARNAME "ophcrack"
| #define PACKAGE_VERSION "3.7.0"
| #define PACKAGE_STRING "ophcrack 3.7.0"
| #define PACKAGE_BUGREPORT "http://ophcrack.sf.net"
| #define PACKAGE_URL ""
| #define MY_CPU_COUNT 1
| #define STDC_HEADERS 1
| #define HAVE_SYS_TYPES_H 1
| #define HAVE_SYS_STAT_H 1
| #define HAVE_STDLIB_H 1
| #define HAVE_STRING_H 1
| #define HAVE_MEMORY_H 1
| #define HAVE_STRINGS_H 1
| #define HAVE_INTTYPES_H 1
| #define HAVE_STDINT_H 1
| #define HAVE_UNISTD_H 1
| #define HAVE_LIBPTHREAD 1
| #define HAVE_LIBEXPAT 1
| #define HAVE_LIBM 1
| #define STDC_HEADERS 1
| #define HAVE_NETINET_IN_H 1
| #define HAVE_STDINT_H 1
| #define HAVE_STDLIB_H 1
| #define HAVE_STRING_H 1
| #define HAVE_SYS_PARAM_H 1
| #define HAVE_SYS_TIME_H 1
| #define HAVE_UNISTD_H 1
| #define HAVE_SYS_SYSCTL_H 1
| #define HAVE_LIBKERN_OSBYTEORDER_H 1
| #define HAVE__BOOL 1
| #define HAVE_STDBOOL_H 1
| /* end confdefs.h.  */
| #include <stdio.h>
| #ifdef HAVE_SYS_TYPES_H
| # include <sys/types.h>
| #endif
| #ifdef HAVE_SYS_STAT_H
| # include <sys/stat.h>
| #endif
| #ifdef STDC_HEADERS
| # include <stdlib.h>
| # include <stddef.h>
| #else
| # ifdef HAVE_STDLIB_H
| #  include <stdlib.h>
| # endif
| #endif
| #ifdef HAVE_STRING_H
| # if !defined STDC_HEADERS && defined HAVE_MEMORY_H
| #  include <memory.h>
| # endif
| # include <string.h>
| #endif
| #ifdef HAVE_STRINGS_H
| # include <strings.h>
| #endif
| #ifdef HAVE_INTTYPES_H
| # include <inttypes.h>
| #endif
| #ifdef HAVE_STDINT_H
| # include <stdint.h>
| #endif
| #ifdef HAVE_UNISTD_H
| # include <unistd.h>
| #endif
| int
| main ()
| {
| if (sizeof ((size_t)))
| 	    return 0;
|   ;
|   return 0;
| }
configure:5237: result: yes
configure:5248: checking whether time.h and sys/time.h may both be included
configure:5268: gcc -c -g -O2 -DNDEBUG -Wall -std=gnu9x -pedantic -I.. -D_LARGEFILE_SOURCE -D_LARGEFILE64_SOURCE -D_FILE_OFFSET_BITS=64 -I.. -DOSX -I/usr/local/Cellar/openssl/1.0.2k/lib/include  conftest.c >&5
configure:5268: $? = 0
configure:5275: result: yes
configure:5283: checking for uint16_t
configure:5283: gcc -c -g -O2 -DNDEBUG -Wall -std=gnu9x -pedantic -I.. -D_LARGEFILE_SOURCE -D_LARGEFILE64_SOURCE -D_FILE_OFFSET_BITS=64 -I.. -DOSX -I/usr/local/Cellar/openssl/1.0.2k/lib/include  conftest.c >&5
configure:5283: $? = 0
configure:5283: result: yes
configure:5295: checking for uint32_t
configure:5295: gcc -c -g -O2 -DNDEBUG -Wall -std=gnu9x -pedantic -I.. -D_LARGEFILE_SOURCE -D_LARGEFILE64_SOURCE -D_FILE_OFFSET_BITS=64 -I.. -DOSX -I/usr/local/Cellar/openssl/1.0.2k/lib/include  conftest.c >&5
configure:5295: $? = 0
configure:5295: result: yes
configure:5309: checking for uint64_t
configure:5309: gcc -c -g -O2 -DNDEBUG -Wall -std=gnu9x -pedantic -I.. -D_LARGEFILE_SOURCE -D_LARGEFILE64_SOURCE -D_FILE_OFFSET_BITS=64 -I.. -DOSX -I/usr/local/Cellar/openssl/1.0.2k/lib/include  conftest.c >&5
configure:5309: $? = 0
configure:5309: result: yes
configure:5323: checking for uchar_t
configure:5323: gcc -c -g -O2 -DNDEBUG -Wall -std=gnu9x -pedantic -I.. -D_LARGEFILE_SOURCE -D_LARGEFILE64_SOURCE -D_FILE_OFFSET_BITS=64 -I.. -DOSX -I/usr/local/Cellar/openssl/1.0.2k/lib/include  conftest.c >&5
conftest.c:72:13: error: use of undeclared identifier 'uchar_t'
if (sizeof (uchar_t))
            ^
1 error generated.
configure:5323: $? = 1
configure: failed program was:
| /* confdefs.h */
| #define PACKAGE_NAME "ophcrack"
| #define PACKAGE_TARNAME "ophcrack"
| #define PACKAGE_VERSION "3.7.0"
| #define PACKAGE_STRING "ophcrack 3.7.0"
| #define PACKAGE_BUGREPORT "http://ophcrack.sf.net"
| #define PACKAGE_URL ""
| #define MY_CPU_COUNT 1
| #define STDC_HEADERS 1
| #define HAVE_SYS_TYPES_H 1
| #define HAVE_SYS_STAT_H 1
| #define HAVE_STDLIB_H 1
| #define HAVE_STRING_H 1
| #define HAVE_MEMORY_H 1
| #define HAVE_STRINGS_H 1
| #define HAVE_INTTYPES_H 1
| #define HAVE_STDINT_H 1
| #define HAVE_UNISTD_H 1
| #define HAVE_LIBPTHREAD 1
| #define HAVE_LIBEXPAT 1
| #define HAVE_LIBM 1
| #define STDC_HEADERS 1
| #define HAVE_NETINET_IN_H 1
| #define HAVE_STDINT_H 1
| #define HAVE_STDLIB_H 1
| #define HAVE_STRING_H 1
| #define HAVE_SYS_PARAM_H 1
| #define HAVE_SYS_TIME_H 1
| #define HAVE_UNISTD_H 1
| #define HAVE_SYS_SYSCTL_H 1
| #define HAVE_LIBKERN_OSBYTEORDER_H 1
| #define HAVE__BOOL 1
| #define HAVE_STDBOOL_H 1
| #define TIME_WITH_SYS_TIME 1
| /* end confdefs.h.  */
| #include <stdio.h>
| #ifdef HAVE_SYS_TYPES_H
| # include <sys/types.h>
| #endif
| #ifdef HAVE_SYS_STAT_H
| # include <sys/stat.h>
| #endif
| #ifdef STDC_HEADERS
| # include <stdlib.h>
| # include <stddef.h>
| #else
| # ifdef HAVE_STDLIB_H
| #  include <stdlib.h>
| # endif
| #endif
| #ifdef HAVE_STRING_H
| # if !defined STDC_HEADERS && defined HAVE_MEMORY_H
| #  include <memory.h>
| # endif
| # include <string.h>
| #endif
| #ifdef HAVE_STRINGS_H
| # include <strings.h>
| #endif
| #ifdef HAVE_INTTYPES_H
| # include <inttypes.h>
| #endif
| #ifdef HAVE_STDINT_H
| # include <stdint.h>
| #endif
| #ifdef HAVE_UNISTD_H
| # include <unistd.h>
| #endif
| int
| main ()
| {
| if (sizeof (uchar_t))
| 	 return 0;
|   ;
|   return 0;
| }
configure:5323: result: no
configure:5332: checking for ulong_t
configure:5332: gcc -c -g -O2 -DNDEBUG -Wall -std=gnu9x -pedantic -I.. -D_LARGEFILE_SOURCE -D_LARGEFILE64_SOURCE -D_FILE_OFFSET_BITS=64 -I.. -DOSX -I/usr/local/Cellar/openssl/1.0.2k/lib/include  conftest.c >&5
conftest.c:72:13: error: use of undeclared identifier 'ulong_t'
if (sizeof (ulong_t))
            ^
1 error generated.
configure:5332: $? = 1
configure: failed program was:
| /* confdefs.h */
| #define PACKAGE_NAME "ophcrack"
| #define PACKAGE_TARNAME "ophcrack"
| #define PACKAGE_VERSION "3.7.0"
| #define PACKAGE_STRING "ophcrack 3.7.0"
| #define PACKAGE_BUGREPORT "http://ophcrack.sf.net"
| #define PACKAGE_URL ""
| #define MY_CPU_COUNT 1
| #define STDC_HEADERS 1
| #define HAVE_SYS_TYPES_H 1
| #define HAVE_SYS_STAT_H 1
| #define HAVE_STDLIB_H 1
| #define HAVE_STRING_H 1
| #define HAVE_MEMORY_H 1
| #define HAVE_STRINGS_H 1
| #define HAVE_INTTYPES_H 1
| #define HAVE_STDINT_H 1
| #define HAVE_UNISTD_H 1
| #define HAVE_LIBPTHREAD 1
| #define HAVE_LIBEXPAT 1
| #define HAVE_LIBM 1
| #define STDC_HEADERS 1
| #define HAVE_NETINET_IN_H 1
| #define HAVE_STDINT_H 1
| #define HAVE_STDLIB_H 1
| #define HAVE_STRING_H 1
| #define HAVE_SYS_PARAM_H 1
| #define HAVE_SYS_TIME_H 1
| #define HAVE_UNISTD_H 1
| #define HAVE_SYS_SYSCTL_H 1
| #define HAVE_LIBKERN_OSBYTEORDER_H 1
| #define HAVE__BOOL 1
| #define HAVE_STDBOOL_H 1
| #define TIME_WITH_SYS_TIME 1
| /* end confdefs.h.  */
| #include <stdio.h>
| #ifdef HAVE_SYS_TYPES_H
| # include <sys/types.h>
| #endif
| #ifdef HAVE_SYS_STAT_H
| # include <sys/stat.h>
| #endif
| #ifdef STDC_HEADERS
| # include <stdlib.h>
| # include <stddef.h>
| #else
| # ifdef HAVE_STDLIB_H
| #  include <stdlib.h>
| # endif
| #endif
| #ifdef HAVE_STRING_H
| # if !defined STDC_HEADERS && defined HAVE_MEMORY_H
| #  include <memory.h>
| # endif
| # include <string.h>
| #endif
| #ifdef HAVE_STRINGS_H
| # include <strings.h>
| #endif
| #ifdef HAVE_INTTYPES_H
| # include <inttypes.h>
| #endif
| #ifdef HAVE_STDINT_H
| # include <stdint.h>
| #endif
| #ifdef HAVE_UNISTD_H
| # include <unistd.h>
| #endif
| int
| main ()
| {
| if (sizeof (ulong_t))
| 	 return 0;
|   ;
|   return 0;
| }
configure:5332: result: no
configure:5342: checking for struct sysinfo
configure:5342: gcc -c -g -O2 -DNDEBUG -Wall -std=gnu9x -pedantic -I.. -D_LARGEFILE_SOURCE -D_LARGEFILE64_SOURCE -D_FILE_OFFSET_BITS=64 -I.. -DOSX -I/usr/local/Cellar/openssl/1.0.2k/lib/include  conftest.c >&5
conftest.c:36:10: fatal error: 'sys/sysinfo.h' file not found
#include <sys/sysinfo.h>
         ^~~~~~~~~~~~~~~
1 error generated.
configure:5342: $? = 1
configure: failed program was:
| /* confdefs.h */
| #define PACKAGE_NAME "ophcrack"
| #define PACKAGE_TARNAME "ophcrack"
| #define PACKAGE_VERSION "3.7.0"
| #define PACKAGE_STRING "ophcrack 3.7.0"
| #define PACKAGE_BUGREPORT "http://ophcrack.sf.net"
| #define PACKAGE_URL ""
| #define MY_CPU_COUNT 1
| #define STDC_HEADERS 1
| #define HAVE_SYS_TYPES_H 1
| #define HAVE_SYS_STAT_H 1
| #define HAVE_STDLIB_H 1
| #define HAVE_STRING_H 1
| #define HAVE_MEMORY_H 1
| #define HAVE_STRINGS_H 1
| #define HAVE_INTTYPES_H 1
| #define HAVE_STDINT_H 1
| #define HAVE_UNISTD_H 1
| #define HAVE_LIBPTHREAD 1
| #define HAVE_LIBEXPAT 1
| #define HAVE_LIBM 1
| #define STDC_HEADERS 1
| #define HAVE_NETINET_IN_H 1
| #define HAVE_STDINT_H 1
| #define HAVE_STDLIB_H 1
| #define HAVE_STRING_H 1
| #define HAVE_SYS_PARAM_H 1
| #define HAVE_SYS_TIME_H 1
| #define HAVE_UNISTD_H 1
| #define HAVE_SYS_SYSCTL_H 1
| #define HAVE_LIBKERN_OSBYTEORDER_H 1
| #define HAVE__BOOL 1
| #define HAVE_STDBOOL_H 1
| #define TIME_WITH_SYS_TIME 1
| /* end confdefs.h.  */
| #include <sys/sysinfo.h>
| 
| int
| main ()
| {
| if (sizeof (struct sysinfo))
| 	 return 0;
|   ;
|   return 0;
| }
configure:5342: result: no
configure:5357: checking for libqt4
configure:5365: result: yes
configure:5385: checking whether we want to build ophcrack gui
configure:5389: result: yes
configure:5394: checking for egrep
configure:5456: result: /usr/bin/grep -E
configure:5465: checking for qmake-qt4
configure:5499: result: no
configure:5465: checking for qmake4
configure:5499: result: no
configure:5511: checking for qmake
configure:5545: result: no
configure:5554: checking for Qt4 version of qmake
configure:5568: result: no
configure:5572: error: 
		  ophcrack requires Qt toolkit version 4.3 or later.
		  Please disable the GUI via '--disable-gui',
		  or see http://www.trolltech.com/ to obtain it.

## ---------------- ##
## Cache variables. ##
## ---------------- ##

ac_cv_build=i386-apple-darwin17.3.0
ac_cv_c_bigendian=no
ac_cv_c_compiler_gnu=yes
ac_cv_c_const=yes
ac_cv_c_uint16_t=yes
ac_cv_c_uint32_t=yes
ac_cv_c_uint64_t=yes
ac_cv_cxx_compiler_gnu=yes
ac_cv_env_CCC_set=
ac_cv_env_CCC_value=
ac_cv_env_CC_set=
ac_cv_env_CC_value=
ac_cv_env_CFLAGS_set=
ac_cv_env_CFLAGS_value=
ac_cv_env_CPPFLAGS_set=
ac_cv_env_CPPFLAGS_value=
ac_cv_env_CPP_set=
ac_cv_env_CPP_value=
ac_cv_env_CXXFLAGS_set=
ac_cv_env_CXXFLAGS_value=
ac_cv_env_CXX_set=
ac_cv_env_CXX_value=
ac_cv_env_LDFLAGS_set=
ac_cv_env_LDFLAGS_value=
ac_cv_env_LIBS_set=
ac_cv_env_LIBS_value=
ac_cv_env_build_alias_set=
ac_cv_env_build_alias_value=
ac_cv_env_host_alias_set=
ac_cv_env_host_alias_value=
ac_cv_env_target_alias_set=
ac_cv_env_target_alias_value=
ac_cv_header_byteswap_h=no
ac_cv_header_inttypes_h=yes
ac_cv_header_libkern_OSByteOrder_h=yes
ac_cv_header_memory_h=yes
ac_cv_header_netinet_in_h=yes
ac_cv_header_stdbool_h=yes
ac_cv_header_stdc=yes
ac_cv_header_stdint_h=yes
ac_cv_header_stdlib_h=yes
ac_cv_header_string_h=yes
ac_cv_header_strings_h=yes
ac_cv_header_sys_param_h=yes
ac_cv_header_sys_stat_h=yes
ac_cv_header_sys_sysctl_h=yes
ac_cv_header_sys_sysinfo_h=no
ac_cv_header_sys_time_h=yes
ac_cv_header_sys_types_h=yes
ac_cv_header_time=yes
ac_cv_header_unistd_h=yes
ac_cv_host=i386-apple-darwin17.3.0
ac_cv_lib_expat_XML_ParserCreate=yes
ac_cv_lib_m_sqrt=yes
ac_cv_lib_pthread_pthread_mutex_init=yes
ac_cv_objext=o
ac_cv_path_EGREP='/usr/bin/grep -E'
ac_cv_path_GREP=/usr/bin/grep
ac_cv_path_install='/usr/local/bin/ginstall -c'
ac_cv_prog_CPP='gcc -E'
ac_cv_prog_ac_ct_CC=gcc
ac_cv_prog_ac_ct_CXX=g++
ac_cv_prog_ac_ct_RANLIB=ranlib
ac_cv_prog_cc_c89=
ac_cv_prog_cc_g=yes
ac_cv_prog_cxx_g=yes
ac_cv_prog_make_make_set=yes
ac_cv_type__Bool=yes
ac_cv_type_size_t=yes
ac_cv_type_struct_sysinfo=no
ac_cv_type_uchar_t=no
ac_cv_type_ulong_t=no
ax_cv_path_QMAKE4=no

## ----------------- ##
## Output variables. ##
## ----------------- ##

CC='gcc'
CFLAGS='-g -O2 -DNDEBUG -Wall -std=gnu9x -pedantic -I.. -D_LARGEFILE_SOURCE -D_LARGEFILE64_SOURCE -D_FILE_OFFSET_BITS=64 -I.. -DOSX -I/usr/local/Cellar/openssl/1.0.2k/lib/include'
CPP='gcc -E'
CPPFLAGS=''
CXX='g++'
CXXFLAGS='-g -O2 -DNDEBUG -Wall -pedantic -fpermissive -Wno-long-long -I../.. -I../.. -DOSX -I/usr/local/Cellar/openssl/1.0.2k/lib/include -I/usr/local/Cellar/qt/5.9.2/lib/include'
DEFS=''
ECHO_C='\c'
ECHO_N=''
ECHO_T=''
EGREP='/usr/bin/grep -E'
EXEEXT=''
GREP='/usr/bin/grep'
HAVE_DEBUG_FALSE=''
HAVE_DEBUG_TRUE='#'
HAVE_GUI_FALSE=''
HAVE_GUI_TRUE=''
HAVE_OSX_FALSE='#'
HAVE_OSX_TRUE=''
HAVE_QWT_FALSE=''
HAVE_QWT_TRUE=''
HAVE_SSL=''
HAVE_WIN32_FALSE=''
HAVE_WIN32_TRUE='#'
INSTALL_DATA='${INSTALL} -m 644'
INSTALL_PROGRAM='${INSTALL}'
INSTALL_SCRIPT='${INSTALL}'
LDFLAGS=''
LIBOBJS=''
LIBS='-lm -lexpat -lpthread  -L/usr/local/Cellar/openssl/1.0.2k/lib/lib -lssl -lcrypto -L/usr/local/Cellar/qt/5.9.2/lib/lib'
LN_S='ln -s'
LTLIBOBJS=''
MAINT='0'
MAJOR='3'
MINOR='7'
MOC4=''
OBJEXT='o'
PACKAGE_BUGREPORT='http://ophcrack.sf.net'
PACKAGE_NAME='ophcrack'
PACKAGE_STRING='ophcrack 3.7.0'
PACKAGE_TARNAME='ophcrack'
PACKAGE_URL=''
PACKAGE_VERSION='3.7.0'
PATH_SEPARATOR=':'
QMAKE4=''
QWT_INCLUDES=''
QWT_LDFLAGS=''
QWT_LIBS=''
RANLIB='ranlib'
SET_MAKE=''
SHELL='/bin/sh'
_MOC4=''
_MOC=''
_QMAKE4=''
_QMAKE=''
ac_ct_CC='gcc'
ac_ct_CXX='g++'
bindir='${exec_prefix}/bin'
build='i386-apple-darwin17.3.0'
build_alias=''
build_cpu='i386'
build_os='darwin17.3.0'
build_vendor='apple'
datadir='${datarootdir}'
datarootdir='${prefix}/share'
docdir='${datarootdir}/doc/${PACKAGE_TARNAME}'
dvidir='${docdir}'
exec_prefix='NONE'
host='i386-apple-darwin17.3.0'
host_alias=''
host_cpu='i386'
host_os='darwin17.3.0'
host_vendor='apple'
htmldir='${docdir}'
includedir='${prefix}/include'
infodir='${datarootdir}/info'
libdir='${exec_prefix}/lib'
libexecdir='${exec_prefix}/libexec'
localedir='${datarootdir}/locale'
localstatedir='${prefix}/var'
mandir='${datarootdir}/man'
oldincludedir='/usr/include'
pdfdir='${docdir}'
prefix='NONE'
program_transform_name='s,x,x,'
psdir='${docdir}'
runstatedir='${localstatedir}/run'
sbindir='${exec_prefix}/sbin'
sharedstatedir='${prefix}/com'
sysconfdir='${prefix}/etc'
target_alias=''

## ----------- ##
## confdefs.h. ##
## ----------- ##

/* confdefs.h */
#define PACKAGE_NAME "ophcrack"
#define PACKAGE_TARNAME "ophcrack"
#define PACKAGE_VERSION "3.7.0"
#define PACKAGE_STRING "ophcrack 3.7.0"
#define PACKAGE_BUGREPORT "http://ophcrack.sf.net"
#define PACKAGE_URL ""
#define MY_CPU_COUNT 1
#define STDC_HEADERS 1
#define HAVE_SYS_TYPES_H 1
#define HAVE_SYS_STAT_H 1
#define HAVE_STDLIB_H 1
#define HAVE_STRING_H 1
#define HAVE_MEMORY_H 1
#define HAVE_STRINGS_H 1
#define HAVE_INTTYPES_H 1
#define HAVE_STDINT_H 1
#define HAVE_UNISTD_H 1
#define HAVE_LIBPTHREAD 1
#define HAVE_LIBEXPAT 1
#define HAVE_LIBM 1
#define STDC_HEADERS 1
#define HAVE_NETINET_IN_H 1
#define HAVE_STDINT_H 1
#define HAVE_STDLIB_H 1
#define HAVE_STRING_H 1
#define HAVE_SYS_PARAM_H 1
#define HAVE_SYS_TIME_H 1
#define HAVE_UNISTD_H 1
#define HAVE_SYS_SYSCTL_H 1
#define HAVE_LIBKERN_OSBYTEORDER_H 1
#define HAVE__BOOL 1
#define HAVE_STDBOOL_H 1
#define TIME_WITH_SYS_TIME 1

configure: exit 1
